<?xml version="1.0" encoding="utf-8"?><testsuites name="pytest tests"><testsuite name="pytest" errors="0" failures="0" skipped="0" tests="14" time="4.188" timestamp="2026-08-24T18:52:48.849162+00:00" hostname="agent-env-9651773e-520a-4b35-b8d8-fbfa0b817cab"><testcase classname="tests.test_custom_studio.TestUploads" name="test_upload_png" time="1.156" /><testcase classname="tests.test_custom_studio.TestCustomCheckout" name="test_checkout_price_recompute[studio-pro-fusion-109.9]" time="1.213" /><testcase classname="tests.test_custom_studio.TestUploads" name="test_upload_jpg_and_download" time="1.006" /><testcase classname="tests.test_custom_studio.TestCustomCheckout" name="test_checkout_price_recompute[studio-base-plain-92.9]" time="0.933" /><testcase classname="tests.test_custom_studio.TestCustomCheckout" name="test_checkout_price_recompute[studio-base-twill-97.9]" time="0.467" /><testcase classname="tests.test_custom_studio.TestUploads" name="test_upload_rejects_non_image" time="0.405" /><testcase classname="tests.test_custom_studio.TestUploads" name="test_download_unknown_id_404" time="0.086" /><testcase classname="tests.test_custom_studio.TestCustomCheckout" name="test_checkout_unknown_carbon_falls_back_to_base" time="0.444" /><testcase classname="tests.test_custom_studio.TestProducts" name="test_products_list_has_custom_studio" time="0.329" /><testcase classname="tests.test_custom_studio.TestProducts" name="test_sections_present" time="0.083" /><testcase classname="tests.test_custom_studio.TestCustomCheckout" name="test_checkout_invalid_product" time="0.065" /><testcase classname="tests.test_custom_studio.TestProducts" name="test_get_single_custom_product" time="0.086" /><testcase classname="tests.test_custom_studio.TestCustomCheckout" name="test_checkout_empty_cart" time="0.068" /><testcase classname="tests.test_custom_studio.TestCustomCheckout" name="test_standard_item_has_no_custom_data" time="0.418" /></testsuite></testsuites>