<?xml version="1.0" encoding="utf-8"?><testsuites name="pytest tests"><testsuite name="pytest" errors="0" failures="1" skipped="0" tests="22" time="3.266" timestamp="2026-08-05T12:46:43.549997+00:00" hostname="agent-env-9651773e-520a-4b35-b8d8-fbfa0b817cab"><testcase classname="tests.backend_test" name="test_get_products_returns_4_active" time="0.401" /><testcase classname="tests.backend_test" name="test_get_product_xoks_game" time="0.066" /><testcase classname="tests.backend_test" name="test_xoks_game_images_reachable" time="0.344" /><testcase classname="tests.backend_test" name="test_get_product_by_id" time="0.069" /><testcase classname="tests.backend_test" name="test_get_product_invalid" time="0.063" /><testcase classname="tests.backend_test" name="test_create_product" time="0.121" /><testcase classname="tests.backend_test" name="test_update_product_price_and_active" time="0.191" /><testcase classname="tests.backend_test" name="test_update_product_invalid" time="0.061" /><testcase classname="tests.backend_test" name="test_delete_product" time="0.122" /><testcase classname="tests.backend_test" name="test_delete_product_invalid" time="0.063" /><testcase classname="tests.backend_test" name="test_get_athletes_seeded_sorted" time="0.059"><failure message="AssertionError: assert 'ath-5' == 'ath-1'&#10;  &#10;  - ath-1&#10;  ?     ^&#10;  + ath-5&#10;  ?     ^">backend/tests/backend_test.py:149: in test_get_athletes_seeded_sorted
    assert a["id"] == f"ath-{i}"
E   AssertionError: assert 'ath-5' == 'ath-1'
E     
E     - ath-1
E     ?     ^
E     + ath-5
E     ?     ^</failure></testcase><testcase classname="tests.backend_test" name="test_athlete_images_reachable" time="0.340" /><testcase classname="tests.backend_test" name="test_create_athlete" time="0.067" /><testcase classname="tests.backend_test" name="test_delete_athlete" time="0.124" /><testcase classname="tests.backend_test" name="test_create_order" time="0.080" /><testcase classname="tests.backend_test" name="test_create_order_empty_items" time="0.064" /><testcase classname="tests.backend_test" name="test_list_orders_sorted" time="0.065" /><testcase classname="tests.backend_test" name="test_patch_order_status" time="0.122" /><testcase classname="tests.backend_test" name="test_create_partnership" time="0.072" /><testcase classname="tests.backend_test" name="test_create_partnership_invalid_email" time="0.065" /><testcase classname="tests.backend_test" name="test_list_partnerships" time="0.063" /><testcase classname="tests.backend_test" name="test_cleanup_partnership_via_mongo" time="0.000" /></testsuite></testsuites>