<?xml version="1.0" encoding="utf-8"?><testsuites name="pytest tests"><testsuite name="pytest" errors="0" failures="0" skipped="0" tests="9" time="1.147" timestamp="2026-07-12T17:09:56.533142+00:00" hostname="agent-env-9651773e-520a-4b35-b8d8-fbfa0b817cab"><testcase classname="tests.backend_test" name="test_get_products" time="0.222" /><testcase classname="tests.backend_test" name="test_get_product_by_id" time="0.057" /><testcase classname="tests.backend_test" name="test_get_product_invalid" time="0.054" /><testcase classname="tests.backend_test" name="test_create_order" time="0.048" /><testcase classname="tests.backend_test" name="test_create_order_empty_items" time="0.046" /><testcase classname="tests.backend_test" name="test_list_orders_sorted" time="0.049" /><testcase classname="tests.backend_test" name="test_get_order_by_number" time="0.048" /><testcase classname="tests.backend_test" name="test_get_order_invalid" time="0.053" /><testcase classname="tests.backend_test" name="test_patch_order_status" time="0.097" /></testsuite></testsuites>